<?xml version="1.0" encoding="UTF-8"?>
<!-- Generated by org.testng.reporters.JUnitReportReporter -->
<testsuite hostname="DBSF219" failures="0" tests="1" name="restAPI.PostRequestWithFile" time="1.977" errors="0" timestamp="04 Dec 2022 07:22:47 GMT" skipped="0">
  <testcase classname="restAPI.PostRequestWithFile" name="test1" time="1.977"/>
</testsuite> <!-- restAPI.PostRequestWithFile -->
