<?xml version="1.0" encoding="UTF-8"?>
<!-- Generated by org.testng.reporters.JUnitReportReporter -->
<testsuite hostname="DBSF219" failures="0" tests="1" name="restAPIBDD.GetRequest" time="4.162" errors="0" timestamp="04 Dec 2022 06:52:06 GMT" skipped="0">
  <testcase classname="restAPIBDD.GetRequest" name="test2" time="4.162"/>
</testsuite> <!-- restAPIBDD.GetRequest -->
