<?xml version="1.0" encoding="UTF-8"?>
<!-- Generated by org.testng.reporters.JUnitReportReporter -->
<testsuite hostname="DBSF219" failures="0" tests="1" name="restAPI.GetRequest" time="6.008" errors="0" timestamp="03 Dec 2022 07:00:29 GMT" skipped="0">
  <testcase classname="restAPI.GetRequest" name="test1" time="6.008"/>
</testsuite> <!-- restAPI.GetRequest -->
