<?xml version="1.0" encoding="UTF-8"?>
<!-- Generated by org.testng.reporters.JUnitReportReporter -->
<testsuite hostname="DBSF219" failures="0" tests="1" name="restAPI.GetRequestWithParam" time="2.165" errors="0" timestamp="03 Dec 2022 06:28:57 GMT" skipped="0">
  <testcase classname="restAPI.GetRequestWithParam" name="test1" time="2.165"/>
</testsuite> <!-- restAPI.GetRequestWithParam -->
