<?xml version="1.0" encoding="UTF-8"?>
<!-- Generated by org.testng.reporters.JUnitReportReporter -->
<testsuite hostname="DBSF219" failures="0" tests="1" name="restAPI.DeleteRequest" time="3.335" errors="0" timestamp="04 Dec 2022 04:46:02 GMT" skipped="0">
  <testcase classname="restAPI.DeleteRequest" name="test1" time="3.335"/>
</testsuite> <!-- restAPI.DeleteRequest -->
