<?xml version="1.0" encoding="UTF-8"?>
<!-- Generated by org.testng.reporters.JUnitReportReporter -->
<testsuite hostname="DBSF219" failures="0" tests="1" name="restAPI.PostRequestWithMap" time="4.488" errors="0" timestamp="04 Dec 2022 04:45:23 GMT" skipped="0">
  <testcase classname="restAPI.PostRequestWithMap" name="test1" time="4.488"/>
</testsuite> <!-- restAPI.PostRequestWithMap -->
