<?xml version="1.0" encoding="UTF-8"?>
<!-- Generated by org.testng.reporters.JUnitReportReporter -->
<testsuite hostname="DBSF219" failures="0" tests="1" name="restGitHub.CreateRepo" time="3.172" errors="0" timestamp="04 Dec 2022 07:13:42 GMT" skipped="0">
  <testcase classname="restGitHub.CreateRepo" name="test1" time="3.172"/>
</testsuite> <!-- restGitHub.CreateRepo -->
