<?xml version="1.0" encoding="UTF-8"?>
<!-- Generated by org.testng.reporters.JUnitReportReporter -->
<testsuite hostname="DBSF219" failures="0" tests="1" name="restAPIXML.XMLExample" time="8.076" errors="0" timestamp="04 Dec 2022 05:17:58 GMT" skipped="0">
  <testcase classname="restAPIXML.XMLExample" name="Test1" time="8.076"/>
</testsuite> <!-- restAPIXML.XMLExample -->
