<?xml version="1.0" encoding="UTF-8"?>
<!-- Generated by org.testng.reporters.JUnitReportReporter -->
<testsuite hostname="DBSF219" failures="0" tests="1" name="restAPI.PutRequest" time="4.229" errors="0" timestamp="04 Dec 2022 04:33:32 GMT" skipped="0">
  <testcase classname="restAPI.PutRequest" name="test1" time="4.229"/>
</testsuite> <!-- restAPI.PutRequest -->
